INFO    : PreTeXt project found in `/home/ecb5/Dropbox/CalcText/Boman/IntCalc`.
INFO    : Preparing to build into /home/ecb5/Dropbox/CalcText/Boman/IntCalc/output/web.
INFO    : discovering source file's directory name: /home/ecb5/Dropbox/CalcText/Boman/IntCalc/source
INFO    : verifying and expanding input directory: /home/ecb5/Dropbox/CalcText/Boman/IntCalc/source/../generated-assets
INFO    : input directory expanded to absolute path: /home/ecb5/Dropbox/CalcText/Boman/IntCalc/generated-assets
INFO    : verifying and expanding input directory: /home/ecb5/Dropbox/CalcText/Boman/IntCalc/source/../assets
INFO    : input directory expanded to absolute path: /home/ecb5/Dropbox/CalcText/Boman/IntCalc/assets
INFO    : Runestone Services (via PreTeXt repository): version 7.1.2
INFO    : Runestone Services (using newer, via online CDN query): version 7.2.4
INFO    : converting /home/ecb5/Dropbox/CalcText/Boman/IntCalc/source/IntCalc.ptx to HTML in /tmp/tmp8n3rbm_t
INFO    : XSL conversion of /home/ecb5/Dropbox/CalcText/Boman/IntCalc/source/IntCalc.ptx by /home/ecb5/.ptx/xsl/pretext-html.xsl
INFO    : comprehensive messages, warnings, and errors:
INFO    :     * PTX:ERROR: the @xml:id value "PartialFractionDecomp" should be unique, but is authored 2 times.
INFO    :     *            Results will be unpredictable, and likely incorrect.  Information on the locations follows:
INFO    :     *              located within: "PartialFractionDecomp" (xml:id), "The Partial Fraction Decomposition" (title)
INFO    :     *              located within: "PartialFractionDecomp" (xml:id), "The Partial Fraction Decomposition (PFD)" (title)
INFO    : successful application of /home/ecb5/.ptx/xsl/pretext-html.xsl
CRITICAL: ID PartialFractionDecomp already defined, line 2195, column 40 (Introduction.ptx, line 2195)
INFO    : ------------------------
INFO    : While running pretext, the following errors occurred:

