INFO    : PreTeXt project found in `/home/ecb5/Dropbox/CalcText/Boman/IntCalc`.
INFO    : Preparing to build into /home/ecb5/Dropbox/CalcText/Boman/IntCalc/output/web.
INFO    : discovering source file's directory name: /home/ecb5/Dropbox/CalcText/Boman/IntCalc/source
INFO    : verifying and expanding input directory: /home/ecb5/Dropbox/CalcText/Boman/IntCalc/source/../generated-assets
INFO    : input directory expanded to absolute path: /home/ecb5/Dropbox/CalcText/Boman/IntCalc/generated-assets
INFO    : verifying and expanding input directory: /home/ecb5/Dropbox/CalcText/Boman/IntCalc/source/../assets
INFO    : input directory expanded to absolute path: /home/ecb5/Dropbox/CalcText/Boman/IntCalc/assets
INFO    : Runestone Services (via PreTeXt repository): version 7.1.2
INFO    : Runestone Services (using newer, via online CDN query): version 7.2.4
INFO    : converting /home/ecb5/Dropbox/CalcText/Boman/IntCalc/source/IntCalc.ptx to HTML in /tmp/tmp_ah8jo4s
INFO    : XSL conversion of /home/ecb5/Dropbox/CalcText/Boman/IntCalc/source/IntCalc.ptx by /home/ecb5/.ptx/xsl/pretext-html.xsl
INFO    : comprehensive messages, warnings, and errors:
INFO    :     * PTX:ERROR: the @xml:id value "Introduction" should be unique, but is authored 2 times.
INFO    :     *            Results will be unpredictable, and likely incorrect.  Information on the locations follows:
INFO    :     *              located within: "Introduction" (xml:id), "First Chapter" (title)
INFO    :     *              located within: "Introduction" (xml:id), "First Chapter" (title)
INFO    :     * PTX:ERROR: the @xml:id value "BasicIntegrationTable" should be unique, but is authored 2 times.
INFO    :     *            Results will be unpredictable, and likely incorrect.  Information on the locations follows:
INFO    :     *              located within: "BasicIntegrationTable" (xml:id), "Inherited Integration Rules" (title)
INFO    :     *              located within: "BasicIntegrationTable" (xml:id), "Inherited Integration Rules" (title)
INFO    :     * PTX:ERROR: the @xml:id value "BadTanInt1" should be unique, but is authored 2 times.
INFO    :     *            Results will be unpredictable, and likely incorrect.  Information on the locations follows:
INFO    :     *              located within: "BadTanInt1" (xml:id)
INFO    :     *              located within: "BadTanInt1" (xml:id)
INFO    :     * PTX:ERROR: the @xml:id value "BadTanInt2" should be unique, but is authored 2 times.
INFO    :     *            Results will be unpredictable, and likely incorrect.  Information on the locations follows:
INFO    :     *              located within: "BadTanInt2" (xml:id)
INFO    :     *              located within: "BadTanInt2" (xml:id)
INFO    :     * PTX:ERROR: the @xml:id value "TrickySubstitution1" should be unique, but is authored 2 times.
INFO    :     *            Results will be unpredictable, and likely incorrect.  Information on the locations follows:
INFO    :     *              located within: "TrickySubstitution1" (xml:id)
INFO    :     *              located within: "TrickySubstitution1" (xml:id)
INFO    :     * PTX:ERROR: the @xml:id value "Trickya" should be unique, but is authored 2 times.
INFO    :     *            Results will be unpredictable, and likely incorrect.  Information on the locations follows:
INFO    :     *              located within: "Trickya" (xml:id)
INFO    :     *              located within: "Trickya" (xml:id)
INFO    :     * PTX:ERROR: the @xml:id value "Trickyb" should be unique, but is authored 2 times.
INFO    :     *            Results will be unpredictable, and likely incorrect.  Information on the locations follows:
INFO    :     *              located within: "Trickyb" (xml:id)
INFO    :     *              located within: "Trickyb" (xml:id)
INFO    :     * PTX:ERROR: the @xml:id value "eq-NewbyError2" should be unique, but is authored 2 times.
INFO    :     *            Results will be unpredictable, and likely incorrect.  Information on the locations follows:
INFO    :     *              located within: "eq-NewbyError2" (xml:id)
INFO    :     *              located within: "eq-NewbyError2" (xml:id)
INFO    :     * PTX:ERROR: the @xml:id value "eq-ProdDerivs" should be unique, but is authored 2 times.
INFO    :     *            Results will be unpredictable, and likely incorrect.  Information on the locations follows:
INFO    :     *              located within: "eq-ProdDerivs" (xml:id)
INFO    :     *              located within: "eq-ProdDerivs" (xml:id)
INFO    :     * PTX:ERROR: the @xml:id value "IntProdneProdInt" should be unique, but is authored 2 times.
INFO    :     *            Results will be unpredictable, and likely incorrect.  Information on the locations follows:
INFO    :     *              located within: "IntProdneProdInt" (xml:id)
INFO    :     *              located within: "IntProdneProdInt" (xml:id)
INFO    :     * PTX:ERROR: the @xml:id value "IntByParts" should be unique, but is authored 2 times.
INFO    :     *            Results will be unpredictable, and likely incorrect.  Information on the locations follows:
INFO    :     *              located within: "IntByParts" (xml:id)
INFO    :     *              located within: "IntByParts" (xml:id)
INFO    :     * PTX:ERROR: the @xml:id value "PursuitCurve1" should be unique, but is authored 2 times.
INFO    :     *            Results will be unpredictable, and likely incorrect.  Information on the locations follows:
INFO    :     *              located within: "PursuitCurve1" (xml:id)
INFO    :     *              located within: "PursuitCurve1" (xml:id)
INFO    :     * PTX:ERROR: the @xml:id value "PursuitEquation1" should be unique, but is authored 2 times.
INFO    :     *            Results will be unpredictable, and likely incorrect.  Information on the locations follows:
INFO    :     *              located within: "PursuitEquation1" (xml:id)
INFO    :     *              located within: "PursuitEquation1" (xml:id)
INFO    :     * PTX:ERROR: the @xml:id value "PursuitEquation2" should be unique, but is authored 2 times.
INFO    :     *            Results will be unpredictable, and likely incorrect.  Information on the locations follows:
INFO    :     *              located within: "PursuitEquation2" (xml:id)
INFO    :     *              located within: "PursuitEquation2" (xml:id)
INFO    :     * PTX:ERROR: the @xml:id value "TractrixProblem1" should be unique, but is authored 2 times.
INFO    :     *            Results will be unpredictable, and likely incorrect.  Information on the locations follows:
INFO    :     *              located within: "TractrixProblem1" (xml:id)
INFO    :     *              located within: "TractrixProblem1" (xml:id)
INFO    :     * PTX:ERROR: the @xml:id value "TrigSub1" should be unique, but is authored 2 times.
INFO    :     *            Results will be unpredictable, and likely incorrect.  Information on the locations follows:
INFO    :     *              located within: "TrigSub1" (xml:id)
INFO    :     *              located within: "TrigSub1" (xml:id)
INFO    :     * PTX:ERROR: the @xml:id value "InvereTrigIntegrationTable" should be unique, but is authored 2 times.
INFO    :     *            Results will be unpredictable, and likely incorrect.  Information on the locations follows:
INFO    :     *              located within: "InvereTrigIntegrationTable" (xml:id), "Inverse Trigonometric Substitution" (title)
INFO    :     *              located within: "InvereTrigIntegrationTable" (xml:id), "Inverse Trigonometric Substitution" (title)
INFO    :     * PTX:ERROR: the @xml:id value "TrigSubst1" should be unique, but is authored 2 times.
INFO    :     *            Results will be unpredictable, and likely incorrect.  Information on the locations follows:
INFO    :     *              located within: "TrigSubst1" (xml:id)
INFO    :     *              located within: "TrigSubst1" (xml:id)
INFO    :     * PTX:ERROR: the @xml:id value "TrigSubst2" should be unique, but is authored 2 times.
INFO    :     *            Results will be unpredictable, and likely incorrect.  Information on the locations follows:
INFO    :     *              located within: "TrigSubst2" (xml:id)
INFO    :     *              located within: "TrigSubst2" (xml:id)
INFO    :     * PTX:ERROR: the @xml:id value "FallingWithDrag" should be unique, but is authored 2 times.
INFO    :     *            Results will be unpredictable, and likely incorrect.  Information on the locations follows:
INFO    :     *              located within: "FallingWithDrag" (xml:id)
INFO    :     *              located within: "FallingWithDrag" (xml:id)
INFO    :     * PTX:ERROR: the @xml:id value "OddSinPower" should be unique, but is authored 2 times.
INFO    :     *            Results will be unpredictable, and likely incorrect.  Information on the locations follows:
INFO    :     *              located within: "OddSinPower" (xml:id)
INFO    :     *              located within: "OddSinPower" (xml:id)
INFO    :     * PTX:ERROR: the @xml:id value "SinCosOddPower" should be unique, but is authored 2 times.
INFO    :     *            Results will be unpredictable, and likely incorrect.  Information on the locations follows:
INFO    :     *              located within: "SinCosOddPower" (xml:id)
INFO    :     *              located within: "SinCosOddPower" (xml:id)
INFO    :     * PTX:ERROR: the @xml:id value "SinCosEven" should be unique, but is authored 2 times.
INFO    :     *            Results will be unpredictable, and likely incorrect.  Information on the locations follows:
INFO    :     *              located within: "SinCosEven" (xml:id)
INFO    :     *              located within: "SinCosEven" (xml:id)
INFO    :     * PTX:ERROR: the @xml:id value "PartFrac1" should be unique, but is authored 2 times.
INFO    :     *            Results will be unpredictable, and likely incorrect.  Information on the locations follows:
INFO    :     *              located within: "PartFrac1" (xml:id)
INFO    :     *              located within: "PartFrac1" (xml:id)
INFO    :     * PTX:ERROR: the @xml:id value "ElementaryPartFracDecomp" should be unique, but is authored 2 times.
INFO    :     *            Results will be unpredictable, and likely incorrect.  Information on the locations follows:
INFO    :     *              located within: "ElementaryPartFracDecomp" (xml:id)
INFO    :     *              located within: "ElementaryPartFracDecomp" (xml:id)
INFO    :     * PTX:ERROR: the @xml:id value "PartialFractionDecomp" should be unique, but is authored 2 times.
INFO    :     *            Results will be unpredictable, and likely incorrect.  Information on the locations follows:
INFO    :     *              located within: "PartialFractionDecomp" (xml:id), "The Partial Fraction Decomposition (PFD)" (title)
INFO    :     *              located within: "PartialFractionDecomp" (xml:id), "The Partial Fraction Decomposition (PFD)" (title)
INFO    : successful application of /home/ecb5/.ptx/xsl/pretext-html.xsl
INFO    : 
Success! Run `pretext view` to see the results.

