INFO    : PreTeXt project found in `/home/ecb5/Dropbox/CalcText/Boman/IntCalc`.
WARNING : Using CLI version 2.0.2 but project's `requirements.txt`
WARNING : is configured to use 2.3.0. Consider either installing
WARNING : CLI version 2.3.0 or running `pretext init --refresh`
WARNING : to update `requirements.txt` to match 2.0.2.
INFO    : Since no target was supplied, we will use "web".

INFO    : Staging latest build located in `/home/ecb5/Dropbox/CalcText/Boman/IntCalc/output/web` at `/home/ecb5/Dropbox/CalcText/Boman/IntCalc/output/stage`.
INFO    : 
INFO    : Deployment is now staged at `/home/ecb5/Dropbox/CalcText/Boman/IntCalc/output/stage`.
INFO    : Preparing to deploy from active `master` git branch.
INFO    : 
INFO    : Changes to project source since last commit detected.
INFO    : Add/committing these changes to local Git repository.
INFO    : 
WARNING : Cmd('git') failed due to: exit code(128)
  cmdline: git commit --message=Update to PreTeXt project source.
  stderr: 'Author identity unknown

*** Please tell me who you are.

Run

  git config --global user.email "you@example.com"
  git config --global user.name "Your Name"

to set your account's default identity.
Omit --global to set the identity only in this repository.

fatal: unable to auto-detect email address (got 'ecb5@Piter.(none)')'
