INFO    : PreTeXt project found in `/home/ecb5/Dropbox/CalcText/Boman/IntCalc`.
WARNING : Using CLI version 2.0.2 but project's `requirements.txt`
WARNING : is configured to use 2.3.0. Consider either installing
WARNING : CLI version 2.3.0 or running `pretext init --refresh`
WARNING : to update `requirements.txt` to match 2.0.2.
INFO    : Preparing to build into /home/ecb5/Dropbox/CalcText/Boman/IntCalc/output/web.
INFO    : discovering source file's directory name: /home/ecb5/Dropbox/CalcText/Boman/IntCalc/source
INFO    : verifying and expanding input directory: /home/ecb5/Dropbox/CalcText/Boman/IntCalc/source/../generated-assets
INFO    : input directory expanded to absolute path: /home/ecb5/Dropbox/CalcText/Boman/IntCalc/generated-assets
INFO    : verifying and expanding input directory: /home/ecb5/Dropbox/CalcText/Boman/IntCalc/source/../assets
INFO    : input directory expanded to absolute path: /home/ecb5/Dropbox/CalcText/Boman/IntCalc/assets
INFO    : Runestone Services (via PreTeXt repository): version 7.1.2
INFO    : Runestone Services (using newer, via online CDN query): version 7.2.4
INFO    : converting /home/ecb5/Dropbox/CalcText/Boman/IntCalc/source/IntCalc.ptx to HTML in /tmp/tmph3__vpbi
INFO    : XSL conversion of /home/ecb5/Dropbox/CalcText/Boman/IntCalc/source/IntCalc.ptx by /home/ecb5/.ptx/xsl/pretext-html.xsl
INFO    : comprehensive messages, warnings, and errors:
INFO    :     * PTX:DEBUG: xref/@ref "CatenaryIVP" points to a "me" element.  (1) we made a mistake, and we need to add this element to a list of potential targets of a cross-reference, or (2) you made a mistake and really did not mean this particular construction, or (3) we need to have a discussion about the advisability of this element being a target.   (4) If you are trying to cross-reference a "p" element, perhaps using a "paragraphs" element is a good alternative.  If (1) or (3) could you please report me!
INFO    :     * PTX:WARNING:    An <xref> wants to build text using a number to identify the target, but the target (which has @xml:id "CatenaryIVP") does not have a number. You could try 'text="title"' or 'text="custom"' on the "xref".
INFO    :     *              located within: "A Quick Recap of Differential Calculus  " (title)
INFO    :     * PTX:DEBUG: xref/@ref "CatenaryIVP" points to a "me" element.  (1) we made a mistake, and we need to add this element to a list of potential targets of a cross-reference, or (2) you made a mistake and really did not mean this particular construction, or (3) we need to have a discussion about the advisability of this element being a target.   (4) If you are trying to cross-reference a "p" element, perhaps using a "paragraphs" element is a good alternative.  If (1) or (3) could you please report me!
INFO    :     * PTX:WARNING:    An <xref> wants to build text using a number to identify the target, but the target (which has @xml:id "CatenaryIVP") does not have a number. You could try 'text="title"' or 'text="custom"' on the "xref".
INFO    :     *              located within: "A Quick Recap of Differential Calculus  " (title)
INFO    : successful application of /home/ecb5/.ptx/xsl/pretext-html.xsl
INFO    : 
Success! Run `pretext view` to see the results.

