INFO    : PreTeXt project found in `/home/ecb5/Dropbox/CalcText/Boman/IntCalc`.
WARNING : Using CLI version 2.0.2 but project's `requirements.txt`
WARNING : is configured to use 1.3.1. Consider either installing
WARNING : CLI version 1.3.1 or running `pretext init --refresh`
WARNING : to update `requirements.txt` to match 2.0.2.
INFO    : Preparing to build into /home/ecb5/Dropbox/CalcText/Boman/IntCalc/output/web.
INFO    : discovering source file's directory name: /home/ecb5/Dropbox/CalcText/Boman/IntCalc/source
INFO    : verifying and expanding input directory: /home/ecb5/Dropbox/CalcText/Boman/IntCalc/source/../generated-assets
INFO    : input directory expanded to absolute path: /home/ecb5/Dropbox/CalcText/Boman/IntCalc/generated-assets
INFO    : verifying and expanding input directory: /home/ecb5/Dropbox/CalcText/Boman/IntCalc/source/../assets
INFO    : input directory expanded to absolute path: /home/ecb5/Dropbox/CalcText/Boman/IntCalc/assets
INFO    : Runestone Services (via PreTeXt repository): version 7.1.2
INFO    : Runestone Services (using newer, via online CDN query): version 7.2.2
INFO    : converting /home/ecb5/Dropbox/CalcText/Boman/IntCalc/source/IntCalc.ptx to HTML in /tmp/tmpwh32g6c9
INFO    : XSL conversion of /home/ecb5/Dropbox/CalcText/Boman/IntCalc/source/IntCalc.ptx by /home/ecb5/.ptx/xsl/pretext-html.xsl
INFO    : comprehensive messages, warnings, and errors:
INFO    :     * PTX:DEPRECATE: (2023-08-08) a "website" element with "address" and "name" children has changed.  Continue to use the "website" element as before, but replace the "address" and "name" children with a single "url" element, which is more flexible and reliable.  We will try to honor your intent, but you may prefer your own adjustments. (1 time)
INFO    :     *              located within: "frontmatter" (xml:id)
INFO    :     * --------------
INFO    : successful application of /home/ecb5/.ptx/xsl/pretext-html.xsl
INFO    : 
Success! Run `pretext view` to see the results.

