INFO    : PreTeXt project found in `/home/ecb5/Dropbox/CalcText/Boman/IntCalc`.
INFO    : Since no target was supplied, we will use "web".

INFO    : Staging latest build located in `/home/ecb5/Dropbox/CalcText/Boman/IntCalc/output/web` at `/home/ecb5/Dropbox/CalcText/Boman/IntCalc/output/stage`.
INFO    : 
INFO    : Deployment is now staged at `/home/ecb5/Dropbox/CalcText/Boman/IntCalc/output/stage`.
INFO    : Preparing to deploy from active `master` git branch.
INFO    : 
INFO    : Changes to project source since last commit detected.
INFO    : Add/committing these changes to local Git repository.
INFO    : 
INFO    : Committing your latest build to the `gh-pages` branch.
INFO    : 
INFO    : Attempting to connect to remote repository at `git@github.com:ecb5/IntCalc.git`...
INFO    : 
INFO    : 
INFO    : Latest build successfully pushed to GitHub!
INFO    : 
INFO    : To enable GitHub Pages, visit
INFO    :     https://github.com/ecb5/IntCalc/settings/pages
INFO    : selecting the `gh-pages` branch with the `/ (root)` folder.
INFO    : 
INFO    : Visit
INFO    :     https://github.com/ecb5/IntCalc/actions/
INFO    : to check on the status of your GitHub Pages deployment.
INFO    : 
INFO    : Your built project will soon be available to the public at:
INFO    :     https://ecb5.github.io/IntCalc/
